<?xml version="1.0" encoding="UTF-8"?>
<testng-results ignored="0" total="1" passed="1" failed="0" skipped="0">
  <reporter-output>
  </reporter-output>
  <suite started-at="2023-07-03T02:25:49 EDT" name="Default suite" finished-at="2023-07-03T02:26:07 EDT" duration-ms="18725">
    <groups>
      <group name="cucumber">
        <method signature="AbstractTestNGCucumberTests.feature(cucumber.api.testng.CucumberFeatureWrapper)[pri:0, instance:QUALITY_TESTRUNNER.Quality_TestRunner@268f106e]" name="feature" class="cucumber.api.testng.AbstractTestNGCucumberTests"/>
      </group> <!-- cucumber -->
    </groups>
    <test started-at="2023-07-03T02:25:49 EDT" name="Default test" finished-at="2023-07-03T02:26:07 EDT" duration-ms="18725">
      <class name="QUALITY_TESTRUNNER.Quality_TestRunner">
        <test-method is-config="true" signature="QualityStartURL()[pri:0, instance:QUALITY_TESTRUNNER.Quality_TestRunner@268f106e]" started-at="2023-07-03T02:25:49 EDT" name="QualityStartURL" finished-at="2023-07-03T02:25:51 EDT" duration-ms="2730" status="PASS">
          <reporter-output>
          </reporter-output>
        </test-method> <!-- QualityStartURL -->
        <test-method is-config="true" signature="setUpClass()[pri:0, instance:QUALITY_TESTRUNNER.Quality_TestRunner@268f106e]" started-at="2023-07-03T02:25:51 EDT" name="setUpClass" finished-at="2023-07-03T02:25:52 EDT" duration-ms="119" status="PASS">
          <reporter-output>
          </reporter-output>
        </test-method> <!-- setUpClass -->
        <test-method signature="feature(cucumber.api.testng.CucumberFeatureWrapper)[pri:0, instance:QUALITY_TESTRUNNER.Quality_TestRunner@268f106e]" started-at="2023-07-03T02:25:52 EDT" name="feature" description="Runs Cucumber Feature" data-provider="features" finished-at="2023-07-03T02:26:05 EDT" duration-ms="13540" status="PASS">
          <params>
            <param index="0">
              <value>
                <![CDATA[This is a Login feature Sprint1]]>
              </value>
            </param>
          </params>
          <reporter-output>
          </reporter-output>
        </test-method> <!-- feature -->
        <test-method is-config="true" signature="tearDownClass()[pri:0, instance:QUALITY_TESTRUNNER.Quality_TestRunner@268f106e]" started-at="2023-07-03T02:26:05 EDT" name="tearDownClass" finished-at="2023-07-03T02:26:05 EDT" duration-ms="8" status="PASS">
          <reporter-output>
          </reporter-output>
        </test-method> <!-- tearDownClass -->
        <test-method is-config="true" signature="QualityCloseURL()[pri:0, instance:QUALITY_TESTRUNNER.Quality_TestRunner@268f106e]" started-at="2023-07-03T02:26:05 EDT" name="QualityCloseURL" finished-at="2023-07-03T02:26:07 EDT" duration-ms="2245" status="PASS">
          <reporter-output>
          </reporter-output>
        </test-method> <!-- QualityCloseURL -->
      </class> <!-- QUALITY_TESTRUNNER.Quality_TestRunner -->
    </test> <!-- Default test -->
  </suite> <!-- Default suite -->
</testng-results>
